<?xml version="1.0" encoding="UTF-8"?>
<!-- Generated by org.testng.reporters.JUnitXMLReporter -->
<testsuite ignored="3" hostname="DESKTOP-LETECF3" failures="0" tests="2" name="Test" time="0.061" errors="0" timestamp="21 Aug 2022 08:17:51 GMT">
  <testcase classname="com.flipkart.stepdefinitions.PerfumePurchase" name="closeLogin" time="0.011"/>
  <testcase classname="com.flipkart.stepdefinitions.PerfumePurchase" name="SearchContent" time="0.007"/>
  <testcase classname="com.flipkart.stepdefinitions.PerfumePurchase" name="ClickOnItem" time="0.0">
    <ignored/>
  </testcase> <!-- ClickOnItem -->
  <testcase classname="com.flipkart.stepdefinitions.PerfumePurchase" name="ScreenShot" time="0.0">
    <ignored/>
  </testcase> <!-- ScreenShot -->
  <testcase classname="com.flipkart.stepdefinitions.PerfumePurchase" name="SearchTab" time="0.0">
    <ignored/>
  </testcase> <!-- SearchTab -->
</testsuite> <!-- Test -->
